app/build/intermediates/manifest_merge_blame_file/debug/manifest-merger-blame-debug-report.txt
1<?xml version="1.0" encoding="utf-8"?>
2<manifest xmlns:android="http://schemas.android.com/apk/res/android"
3    package="space.onepantsu.oneresident"
4    android:versionCode="1"
5    android:versionName="1.0" >
6
7    <uses-sdk
8        android:minSdkVersion="26"
8-->src\main\AndroidManifest.xml
9        android:targetSdkVersion="31" />
9-->src\main\AndroidManifest.xml
10
11    <uses-permission android:name="android.permission.SCHEDULE_EXACT_ALARM" />
11-->src\main\AndroidManifest.xml:5:5-79
11-->src\main\AndroidManifest.xml:5:22-76
12
13    <application
13-->src\main\AndroidManifest.xml:7:5-47:19
14        android:name="space.onepantsu.oneresident.OneResidentApp"
14-->src\main\AndroidManifest.xml:8:9-39
15        android:allowBackup="true"
15-->src\main\AndroidManifest.xml:9:9-35
16        android:appComponentFactory="androidx.core.app.CoreComponentFactory"
16-->[androidx.core:core:1.7.0] AndroidManifest.xml:24:18-86
17        android:debuggable="true"
18        android:extractNativeLibs="false"
19        android:icon="@mipmap/ic_launcher"
19-->src\main\AndroidManifest.xml:10:9-43
20        android:label="@string/app_name"
20-->src\main\AndroidManifest.xml:11:9-41
21        android:roundIcon="@mipmap/ic_launcher_round"
21-->src\main\AndroidManifest.xml:12:9-54
22        android:supportsRtl="true"
22-->src\main\AndroidManifest.xml:13:9-35
23        android:testOnly="true"
24        android:theme="@style/Theme.OneResident" >
24-->src\main\AndroidManifest.xml:14:9-49
25        <receiver android:name="space.onepantsu.oneresident.service.AlarmReceiver" />
25-->src\main\AndroidManifest.xml:15:9-58
25-->src\main\AndroidManifest.xml:15:19-56
26
27        <activity
27-->src\main\AndroidManifest.xml:16:9-18:40
28            android:name="space.onepantsu.oneresident.residents.ChangeResidentActivity"
28-->src\main\AndroidManifest.xml:17:13-61
29            android:exported="false" />
29-->src\main\AndroidManifest.xml:18:13-37
30        <activity
30-->src\main\AndroidManifest.xml:19:9-21:40
31            android:name="space.onepantsu.oneresident.residents.ResidentInfoActivity"
31-->src\main\AndroidManifest.xml:20:13-59
32            android:exported="false" />
32-->src\main\AndroidManifest.xml:21:13-37
33        <activity
33-->src\main\AndroidManifest.xml:22:9-24:40
34            android:name="space.onepantsu.oneresident.residents.AddActivity"
34-->src\main\AndroidManifest.xml:23:13-50
35            android:exported="false" />
35-->src\main\AndroidManifest.xml:24:13-37
36        <activity
36-->src\main\AndroidManifest.xml:25:9-27:40
37            android:name="space.onepantsu.oneresident.history.HistoryActivity"
37-->src\main\AndroidManifest.xml:26:13-52
38            android:exported="false" />
38-->src\main\AndroidManifest.xml:27:13-37
39        <activity
39-->src\main\AndroidManifest.xml:28:9-30:40
40            android:name="space.onepantsu.oneresident.settings.SettingsActivity"
40-->src\main\AndroidManifest.xml:29:13-54
41            android:exported="false" />
41-->src\main\AndroidManifest.xml:30:13-37
42        <activity
42-->src\main\AndroidManifest.xml:31:9-33:40
43            android:name="space.onepantsu.oneresident.residents.ResidentActivity"
43-->src\main\AndroidManifest.xml:32:13-55
44            android:exported="false" />
44-->src\main\AndroidManifest.xml:33:13-37
45        <activity
45-->src\main\AndroidManifest.xml:35:9-36:57
46            android:name="space.onepantsu.oneresident.payment.PaymentActivity"
46-->src\main\AndroidManifest.xml:35:19-58
47            android:parentActivityName="space.onepantsu.oneresident.MainActivity" />
47-->src\main\AndroidManifest.xml:36:13-55
48        <activity
48-->src\main\AndroidManifest.xml:38:9-46:20
49            android:name="space.onepantsu.oneresident.MainActivity"
49-->src\main\AndroidManifest.xml:39:13-41
50            android:exported="true" >
50-->src\main\AndroidManifest.xml:40:13-36
51            <intent-filter>
51-->src\main\AndroidManifest.xml:41:13-45:29
52                <action android:name="android.intent.action.MAIN" />
52-->src\main\AndroidManifest.xml:42:17-69
52-->src\main\AndroidManifest.xml:42:25-66
53
54                <category android:name="android.intent.category.LAUNCHER" />
54-->src\main\AndroidManifest.xml:44:17-77
54-->src\main\AndroidManifest.xml:44:27-74
55            </intent-filter>
56        </activity>
57
58        <provider
58-->[androidx.emoji2:emoji2:1.0.0] AndroidManifest.xml:26:9-34:20
59            android:name="androidx.startup.InitializationProvider"
59-->[androidx.emoji2:emoji2:1.0.0] AndroidManifest.xml:27:13-67
60            android:authorities="space.onepantsu.oneresident.androidx-startup"
60-->[androidx.emoji2:emoji2:1.0.0] AndroidManifest.xml:28:13-68
61            android:exported="false" >
61-->[androidx.emoji2:emoji2:1.0.0] AndroidManifest.xml:29:13-37
62            <meta-data
62-->[androidx.emoji2:emoji2:1.0.0] AndroidManifest.xml:31:13-33:52
63                android:name="androidx.emoji2.text.EmojiCompatInitializer"
63-->[androidx.emoji2:emoji2:1.0.0] AndroidManifest.xml:32:17-75
64                android:value="androidx.startup" />
64-->[androidx.emoji2:emoji2:1.0.0] AndroidManifest.xml:33:17-49
65            <meta-data
65-->[androidx.lifecycle:lifecycle-process:2.4.0] AndroidManifest.xml:31:13-33:52
66                android:name="androidx.lifecycle.ProcessLifecycleInitializer"
66-->[androidx.lifecycle:lifecycle-process:2.4.0] AndroidManifest.xml:32:17-78
67                android:value="androidx.startup" />
67-->[androidx.lifecycle:lifecycle-process:2.4.0] AndroidManifest.xml:33:17-49
68        </provider>
69
70        <uses-library
70-->[androidx.window:window:1.0.0] AndroidManifest.xml:25:9-27:40
71            android:name="androidx.window.extensions"
71-->[androidx.window:window:1.0.0] AndroidManifest.xml:26:13-54
72            android:required="false" />
72-->[androidx.window:window:1.0.0] AndroidManifest.xml:27:13-37
73        <uses-library
73-->[androidx.window:window:1.0.0] AndroidManifest.xml:28:9-30:40
74            android:name="androidx.window.sidecar"
74-->[androidx.window:window:1.0.0] AndroidManifest.xml:29:13-51
75            android:required="false" />
75-->[androidx.window:window:1.0.0] AndroidManifest.xml:30:13-37
76    </application>
77
78</manifest>